<?xml version="1.0" encoding="UTF-8"?>
<!-- Generated by org.testng.reporters.JUnitReportReporter -->
<testsuite skipped="0" hostname="DESKTOP-7TMJVOF" name="com.ImpactGuru.AppTest" tests="6" failures="0" timestamp="18 May 2021 14:15:31 GMT" time="14.344" errors="0">
  <testcase name="validateNullValueOverall" time="2.659" classname="com.ImpactGuru.AppTest"/>
  <testcase name="validateInvalidCardNumber" time="8.655" classname="com.ImpactGuru.AppTest"/>
  <testcase name="validateValidCardNumber" time="0.347" classname="com.ImpactGuru.AppTest"/>
  <testcase name="validateInvalidExpiryDate" time="1.210" classname="com.ImpactGuru.AppTest"/>
  <testcase name="validateValidExpiryDate" time="1.235" classname="com.ImpactGuru.AppTest"/>
  <testcase name="validateTwoDigitCVV" time="0.238" classname="com.ImpactGuru.AppTest"/>
</testsuite> <!-- com.ImpactGuru.AppTest -->
