<?xml version="1.0" encoding="UTF-8"?>
<!-- Generated by org.testng.reporters.JUnitReportReporter -->
<testsuite skipped="0" hostname="DESKTOP-7TMJVOF" name="com.ImpactGuru.ZZZ" tests="1" failures="0" timestamp="18 May 2021 15:48:58 GMT" time="18.318" errors="0">
  <testcase name="test" time="18.318" classname="com.ImpactGuru.ZZZ"/>
</testsuite> <!-- com.ImpactGuru.ZZZ -->
