<?xml version="1.0" encoding="UTF-8"?>
<!-- Generated by org.testng.reporters.JUnitReportReporter -->
<testsuite skipped="0" hostname="DESKTOP-7TMJVOF" name="com.ImpactGuru.DonationPage" tests="10" failures="0" timestamp="18 May 2021 16:19:32 GMT" time="28.349" errors="0">
  <testcase name="validateNullValueOverall" time="2.597" classname="com.ImpactGuru.DonationPage"/>
  <testcase name="validateInvalidCardNumber" time="9.618" classname="com.ImpactGuru.DonationPage"/>
  <testcase name="validateValidCardNumber" time="0.440" classname="com.ImpactGuru.DonationPage"/>
  <testcase name="validateInvalidExpiryDate" time="1.300" classname="com.ImpactGuru.DonationPage"/>
  <testcase name="validateValidExpiryDate" time="1.369" classname="com.ImpactGuru.DonationPage"/>
  <testcase name="validateTwoDigitCVV" time="0.346" classname="com.ImpactGuru.DonationPage"/>
  <testcase name="validateFourDigitCVV" time="0.494" classname="com.ImpactGuru.DonationPage"/>
  <testcase name="validateThreeDigitCVV" time="12.082" classname="com.ImpactGuru.DonationPage"/>
  <testcase name="validateMascotIconPresence" time="0.044" classname="com.ImpactGuru.DonationPage"/>
  <testcase name="validateUserNameInSuccessMessage" time="0.059" classname="com.ImpactGuru.DonationPage"/>
</testsuite> <!-- com.ImpactGuru.DonationPage -->
